  用霍夫变换检测直线.cpp
E:\opencv\第七章\用霍夫变换检测直线\用霍夫变换检测直线\用霍夫变换检测直线.cpp(60,22): warning C4244: “参数”: 从“float”转换到“_Tp”，可能丢失数据
E:\opencv\第七章\用霍夫变换检测直线\用霍夫变换检测直线\用霍夫变换检测直线.cpp(60,22): warning C4244:         with
E:\opencv\第七章\用霍夫变换检测直线\用霍夫变换检测直线\用霍夫变换检测直线.cpp(60,22): warning C4244:         [
E:\opencv\第七章\用霍夫变换检测直线\用霍夫变换检测直线\用霍夫变换检测直线.cpp(60,22): warning C4244:             _Tp=int
E:\opencv\第七章\用霍夫变换检测直线\用霍夫变换检测直线\用霍夫变换检测直线.cpp(60,22): warning C4244:         ]
E:\opencv\第七章\用霍夫变换检测直线\用霍夫变换检测直线\用霍夫变换检测直线.cpp(62,51): warning C4244: “参数”: 从“float”转换到“_Tp”，可能丢失数据
E:\opencv\第七章\用霍夫变换检测直线\用霍夫变换检测直线\用霍夫变换检测直线.cpp(62,51): warning C4244:         with
E:\opencv\第七章\用霍夫变换检测直线\用霍夫变换检测直线\用霍夫变换检测直线.cpp(62,51): warning C4244:         [
E:\opencv\第七章\用霍夫变换检测直线\用霍夫变换检测直线\用霍夫变换检测直线.cpp(62,51): warning C4244:             _Tp=int
E:\opencv\第七章\用霍夫变换检测直线\用霍夫变换检测直线\用霍夫变换检测直线.cpp(62,51): warning C4244:         ]
E:\opencv\第七章\用霍夫变换检测直线\用霍夫变换检测直线\用霍夫变换检测直线.cpp(68,25): warning C4244: “参数”: 从“float”转换到“_Tp”，可能丢失数据
E:\opencv\第七章\用霍夫变换检测直线\用霍夫变换检测直线\用霍夫变换检测直线.cpp(68,25): warning C4244:         with
E:\opencv\第七章\用霍夫变换检测直线\用霍夫变换检测直线\用霍夫变换检测直线.cpp(68,25): warning C4244:         [
E:\opencv\第七章\用霍夫变换检测直线\用霍夫变换检测直线\用霍夫变换检测直线.cpp(68,25): warning C4244:             _Tp=int
E:\opencv\第七章\用霍夫变换检测直线\用霍夫变换检测直线\用霍夫变换检测直线.cpp(68,25): warning C4244:         ]
E:\opencv\第七章\用霍夫变换检测直线\用霍夫变换检测直线\用霍夫变换检测直线.cpp(70,63): warning C4244: “参数”: 从“float”转换到“_Tp”，可能丢失数据
E:\opencv\第七章\用霍夫变换检测直线\用霍夫变换检测直线\用霍夫变换检测直线.cpp(70,63): warning C4244:         with
E:\opencv\第七章\用霍夫变换检测直线\用霍夫变换检测直线\用霍夫变换检测直线.cpp(70,63): warning C4244:         [
E:\opencv\第七章\用霍夫变换检测直线\用霍夫变换检测直线\用霍夫变换检测直线.cpp(70,63): warning C4244:             _Tp=int
E:\opencv\第七章\用霍夫变换检测直线\用霍夫变换检测直线\用霍夫变换检测直线.cpp(70,63): warning C4244:         ]
E:\opencv\第七章\用霍夫变换检测直线\用霍夫变换检测直线\用霍夫变换检测直线.cpp(159,10): warning C4244: “初始化”: 从“_Tp”转换到“int”，可能丢失数据
E:\opencv\第七章\用霍夫变换检测直线\用霍夫变换检测直线\用霍夫变换检测直线.cpp(159,10): warning C4244:         with
E:\opencv\第七章\用霍夫变换检测直线\用霍夫变换检测直线\用霍夫变换检测直线.cpp(159,10): warning C4244:         [
E:\opencv\第七章\用霍夫变换检测直线\用霍夫变换检测直线\用霍夫变换检测直线.cpp(159,10): warning C4244:             _Tp=float
E:\opencv\第七章\用霍夫变换检测直线\用霍夫变换检测直线\用霍夫变换检测直线.cpp(159,10): warning C4244:         ]
E:\opencv\第七章\用霍夫变换检测直线\用霍夫变换检测直线\用霍夫变换检测直线.cpp(160,10): warning C4244: “初始化”: 从“_Tp”转换到“int”，可能丢失数据
E:\opencv\第七章\用霍夫变换检测直线\用霍夫变换检测直线\用霍夫变换检测直线.cpp(160,10): warning C4244:         with
E:\opencv\第七章\用霍夫变换检测直线\用霍夫变换检测直线\用霍夫变换检测直线.cpp(160,10): warning C4244:         [
E:\opencv\第七章\用霍夫变换检测直线\用霍夫变换检测直线\用霍夫变换检测直线.cpp(160,10): warning C4244:             _Tp=float
E:\opencv\第七章\用霍夫变换检测直线\用霍夫变换检测直线\用霍夫变换检测直线.cpp(160,10): warning C4244:         ]
E:\opencv\第七章\用霍夫变换检测直线\用霍夫变换检测直线\用霍夫变换检测直线.cpp(161,10): warning C4244: “初始化”: 从“_Tp”转换到“int”，可能丢失数据
E:\opencv\第七章\用霍夫变换检测直线\用霍夫变换检测直线\用霍夫变换检测直线.cpp(161,10): warning C4244:         with
E:\opencv\第七章\用霍夫变换检测直线\用霍夫变换检测直线\用霍夫变换检测直线.cpp(161,10): warning C4244:         [
E:\opencv\第七章\用霍夫变换检测直线\用霍夫变换检测直线\用霍夫变换检测直线.cpp(161,10): warning C4244:             _Tp=float
E:\opencv\第七章\用霍夫变换检测直线\用霍夫变换检测直线\用霍夫变换检测直线.cpp(161,10): warning C4244:         ]
E:\opencv\第七章\用霍夫变换检测直线\用霍夫变换检测直线\用霍夫变换检测直线.cpp(162,10): warning C4244: “初始化”: 从“_Tp”转换到“int”，可能丢失数据
E:\opencv\第七章\用霍夫变换检测直线\用霍夫变换检测直线\用霍夫变换检测直线.cpp(162,10): warning C4244:         with
E:\opencv\第七章\用霍夫变换检测直线\用霍夫变换检测直线\用霍夫变换检测直线.cpp(162,10): warning C4244:         [
E:\opencv\第七章\用霍夫变换检测直线\用霍夫变换检测直线\用霍夫变换检测直线.cpp(162,10): warning C4244:             _Tp=float
E:\opencv\第七章\用霍夫变换检测直线\用霍夫变换检测直线\用霍夫变换检测直线.cpp(162,10): warning C4244:         ]
  用霍夫变换检测直线.vcxproj -> E:\opencv\第七章\用霍夫变换检测直线\x64\Debug\用霍夫变换检测直线.exe
